<?xml version="1.0" encoding="UTF-8"?>
<!-- Generated by org.testng.reporters.JUnitReportReporter -->
<testsuite hostname="Kishan" failures="0" tests="1" name="com.crm.contacts.TC_Contacts_07_Test" time="23.181" errors="0" timestamp="2024-12-22T01:20:36 IST" skipped="0">
  <testcase classname="com.crm.contacts.TC_Contacts_07_Test" name="createContact" time="23.181"/>
  <system-out/>
</testsuite> <!-- com.crm.contacts.TC_Contacts_07_Test -->
