<?xml version="1.0" encoding="UTF-8"?>
<!-- Generated by org.testng.reporters.JUnitReportReporter -->
<testsuite hostname="Kishan" failures="0" tests="1" name="com.crm.contacts.TC_Contacts_07" time="30.503" errors="0" timestamp="2024-12-22T16:08:58 IST" skipped="0">
  <testcase classname="com.crm.contacts.TC_Contacts_07" name="createContact" time="30.503"/>
  <system-out>
    <![CDATA[1999-10-13]]>
  </system-out>
</testsuite> <!-- com.crm.contacts.TC_Contacts_07 -->
