<?xml version="1.0" encoding="UTF-8"?>
<!-- Generated by org.testng.reporters.JUnitReportReporter -->
<testsuite hostname="Kishan" failures="0" tests="1" name="com.crm.contacts.ClickOnContactLink" time="12.158" errors="0" timestamp="2024-11-26T23:28:55 IST" skipped="0">
  <testcase classname="com.crm.contacts.ClickOnContactLink" name="clickonLink" time="12.158"/>
  <system-out/>
</testsuite> <!-- com.crm.contacts.ClickOnContactLink -->
