<?xml version="1.0" encoding="UTF-8"?>
<!-- Generated by org.testng.reporters.JUnitReportReporter -->
<testsuite hostname="Kishan" failures="0" tests="1" name="com.crm.contacts.TC_Contacts_05_Test" time="25.470" errors="0" timestamp="2024-11-28T00:42:37 IST" skipped="0">
  <testcase classname="com.crm.contacts.TC_Contacts_05_Test" name="createNewContactWithDropDown" time="25.470"/>
  <system-out>
    <![CDATA[Clicked on Create Contact Look up icon]]>
  </system-out>
</testsuite> <!-- com.crm.contacts.TC_Contacts_05_Test -->
