<?xml version="1.0" encoding="UTF-8"?>
<!-- Generated by org.testng.reporters.JUnitReportReporter -->
<testsuite hostname="Kishan" failures="0" tests="1" name="com.crm.contacts.TC_Contacts_06_Test" time="37.453" errors="0" timestamp="2024-12-06T00:58:04 IST" skipped="0">
  <testcase classname="com.crm.contacts.TC_Contacts_06_Test" name="createContactWithCheckBoxAndBirthdayDetails" time="37.453"/>
  <system-out/>
</testsuite> <!-- com.crm.contacts.TC_Contacts_06_Test -->
