<?xml version="1.0" encoding="UTF-8"?>
<!-- Generated by org.testng.reporters.JUnitReportReporter -->
<testsuite hostname="Kishan" failures="0" tests="1" name="com.crm.contacts.ClickOnContactLinkTest" time="15.661" errors="0" timestamp="2024-11-28T00:42:37 IST" skipped="0">
  <testcase classname="com.crm.contacts.ClickOnContactLinkTest" name="clickonLink" time="15.661"/>
  <system-out/>
</testsuite> <!-- com.crm.contacts.ClickOnContactLinkTest -->
