<?xml version="1.0" encoding="UTF-8"?>
<!-- Generated by org.testng.reporters.JUnitReportReporter -->
<testsuite hostname="Kishan" failures="0" tests="1" name="com.crm.contacts.TC_Contacts_03" time="21.432" errors="0" timestamp="2024-11-27T23:47:50 IST" skipped="0">
  <testcase classname="com.crm.contacts.TC_Contacts_03" name="createNewContactWithNumericData" time="21.432"/>
  <system-out/>
</testsuite> <!-- com.crm.contacts.TC_Contacts_03 -->
