<?xml version="1.0" encoding="UTF-8"?>
<!-- Generated by org.testng.reporters.JUnitReportReporter -->
<testsuite hostname="Kishan" failures="0" tests="1" name="com.crm.contacts.TC_Contacts_03_Test" time="24.197" errors="0" timestamp="2024-11-28T10:40:14 IST" skipped="0">
  <testcase classname="com.crm.contacts.TC_Contacts_03_Test" name="createNewContactWithNumericData" time="24.197"/>
  <system-out/>
</testsuite> <!-- com.crm.contacts.TC_Contacts_03_Test -->
