<?xml version="1.0" encoding="UTF-8"?>
<!-- Generated by org.testng.reporters.JUnitReportReporter -->
<testsuite hostname="Kishan" failures="0" tests="1" name="com.crm.contacts.TC_Contacts_01_Test" time="26.003" errors="0" timestamp="2024-11-28T00:42:37 IST" skipped="0">
  <testcase classname="com.crm.contacts.TC_Contacts_01_Test" name="createContact" time="26.003"/>
  <system-out/>
</testsuite> <!-- com.crm.contacts.TC_Contacts_01_Test -->
