<?xml version="1.0" encoding="UTF-8"?>
<!-- Generated by org.testng.reporters.JUnitReportReporter -->
<testsuite hostname="Kishan" failures="0" tests="1" name="com.crm.contacts.TC_Contacts_01" time="42.051" errors="0" timestamp="2024-11-26T23:31:55 IST" skipped="0">
  <testcase classname="com.crm.contacts.TC_Contacts_01" name="createContact" time="42.051"/>
  <system-out/>
</testsuite> <!-- com.crm.contacts.TC_Contacts_01 -->
