<?xml version="1.0" encoding="UTF-8"?>
<!-- Generated by org.testng.reporters.JUnitReportReporter -->
<testsuite hostname="Kishan" failures="0" tests="1" name="com.crm.organisation.TC_Organizations_02" time="21.359" errors="0" timestamp="2024-11-27T21:49:04 IST" skipped="0">
  <testcase classname="com.crm.organisation.TC_Organizations_02" name="createNewOrganizationWithDropDown" time="21.359"/>
  <system-out/>
</testsuite> <!-- com.crm.organisation.TC_Organizations_02 -->
