<?xml version="1.0" encoding="UTF-8"?>
<!-- Generated by org.testng.reporters.JUnitReportReporter -->
<testsuite hostname="Kishan" failures="0" tests="1" name="com.crm.contacts.TC_Contacts_07_Test" time="21.195" errors="0" timestamp="2024-12-22T01:03:32 IST" skipped="0">
  <testcase classname="com.crm.contacts.TC_Contacts_07_Test" name="createContact" time="21.195"/>
  <system-out/>
</testsuite> <!-- com.crm.contacts.TC_Contacts_07_Test -->
