<?xml version="1.0" encoding="UTF-8"?>
<!-- Generated by org.testng.reporters.JUnitReportReporter -->
<testsuite hostname="Kishan" failures="0" tests="1" name="com.crm.organisation.ClickOnOrganizationLink" time="14.116" errors="0" timestamp="2024-11-26T23:32:31 IST" skipped="0">
  <testcase classname="com.crm.organisation.ClickOnOrganizationLink" name="clickOnOrganizationLink" time="14.116"/>
  <system-out/>
</testsuite> <!-- com.crm.organisation.ClickOnOrganizationLink -->
