<?xml version="1.0" encoding="UTF-8"?>
<!-- Generated by org.testng.reporters.JUnitReportReporter -->
<testsuite hostname="Kishan" failures="0" tests="1" name="com.crm.contacts.TC_Contacts_04" time="20.460" errors="0" timestamp="2024-11-27T14:18:33 IST" skipped="0">
  <testcase classname="com.crm.contacts.TC_Contacts_04" name="handleChildWindow" time="20.460"/>
  <system-out/>
</testsuite> <!-- com.crm.contacts.TC_Contacts_04 -->
