<?xml version="1.0" encoding="UTF-8"?>
<!-- Generated by org.testng.reporters.JUnitReportReporter -->
<testsuite hostname="Kishan" failures="0" tests="1" name="com.crm.organisation.TC_Organizations_02_Test" time="20.140" errors="0" timestamp="2024-11-28T12:34:27 IST" skipped="0">
  <testcase classname="com.crm.organisation.TC_Organizations_02_Test" name="createNewOrganizationWithDropDown" time="20.140"/>
  <system-out/>
</testsuite> <!-- com.crm.organisation.TC_Organizations_02_Test -->
