<?xml version="1.0" encoding="UTF-8"?>
<!-- Generated by org.testng.reporters.JUnitReportReporter -->
<testsuite hostname="Kishan" failures="0" tests="1" name="com.crm.contacts.TC_Contacts_05" time="37.138" errors="0" timestamp="2024-11-27T10:30:45 IST" skipped="0">
  <testcase classname="com.crm.contacts.TC_Contacts_05" name="createNewContactWithDropDown" time="37.138"/>
  <system-out>
    <![CDATA[Read data from excel file
Clicked on Contacts Link
Clicked on Create Contact Look up icon
Contact with dropdown list have been created
Contact with dropdown verified]]>
  </system-out>
</testsuite> <!-- com.crm.contacts.TC_Contacts_05 -->
