<?xml version="1.0" encoding="UTF-8"?>
<!-- Generated by org.testng.reporters.JUnitReportReporter -->
<testsuite hostname="Kishan" failures="0" tests="1" name="com.crm.contacts.TC_Contacts_01_Test" time="71.475" errors="0" timestamp="2024-12-06T00:58:04 IST" skipped="0">
  <testcase classname="com.crm.contacts.TC_Contacts_01_Test" name="createContact" time="71.475"/>
  <system-out/>
</testsuite> <!-- com.crm.contacts.TC_Contacts_01_Test -->
