<?xml version="1.0" encoding="UTF-8"?>
<!-- Generated by org.testng.reporters.JUnitReportReporter -->
<testsuite hostname="Kishan" failures="0" tests="1" name="com.crm.contacts.TC_Contacts_05_Test" time="38.456" errors="0" timestamp="2024-12-06T00:58:04 IST" skipped="0">
  <testcase classname="com.crm.contacts.TC_Contacts_05_Test" name="createNewContactWithDropDown" time="38.456"/>
  <system-out>
    <![CDATA[Clicked on Create Contact Look up icon]]>
  </system-out>
</testsuite> <!-- com.crm.contacts.TC_Contacts_05_Test -->
