<?xml version="1.0" encoding="UTF-8"?>
<!-- Generated by org.testng.reporters.JUnitReportReporter -->
<testsuite hostname="Kishan" failures="0" tests="1" name="com.crm.contacts.TC_Contacts_06_Test" time="23.000" errors="0" timestamp="2024-11-30T13:22:34 IST" skipped="0">
  <testcase classname="com.crm.contacts.TC_Contacts_06_Test" name="createContactWithCheckBoxAndBirthdayDetails" time="23.000"/>
  <system-out/>
</testsuite> <!-- com.crm.contacts.TC_Contacts_06_Test -->
