<?xml version="1.0" encoding="UTF-8"?>
<!-- Generated by org.testng.reporters.JUnitReportReporter -->
<testsuite hostname="Kishan" failures="0" tests="1" name="com.crm.contacts.TC_Contacts_02" time="22.514" errors="0" timestamp="2024-11-27T22:52:00 IST" skipped="0">
  <testcase classname="com.crm.contacts.TC_Contacts_02" name="createNewAccountWithStringDetails" time="22.514"/>
  <system-out/>
</testsuite> <!-- com.crm.contacts.TC_Contacts_02 -->
