<?xml version="1.0" encoding="UTF-8"?>
<!-- Generated by org.testng.reporters.JUnitReportReporter -->
<testsuite hostname="Kishan" failures="0" tests="1" name="com.crm.organisation.TC_Organizations_01" time="23.332" errors="0" timestamp="2024-11-26T23:41:53 IST" skipped="0">
  <testcase classname="com.crm.organisation.TC_Organizations_01" name="createOrganization" time="23.332"/>
  <system-out>
    <![CDATA[Organization page created]]>
  </system-out>
</testsuite> <!-- com.crm.organisation.TC_Organizations_01 -->
