<?xml version="1.0" encoding="UTF-8"?>
<!-- Generated by org.testng.reporters.JUnitReportReporter -->
<testsuite hostname="Kishan" failures="0" tests="1" name="com.crm.contacts.TC_Contacts_05" time="9.907" errors="0" timestamp="2024-11-27T09:46:16 IST" skipped="0">
  <testcase classname="com.crm.contacts.TC_Contacts_05" name="createNewContactWithDropDown" time="9.907"/>
  <system-out/>
</testsuite> <!-- com.crm.contacts.TC_Contacts_05 -->
