<?xml version="1.0" encoding="UTF-8"?>
<!-- Generated by org.testng.reporters.JUnitReportReporter -->
<testsuite hostname="Kishan" failures="0" tests="1" name="com.crm.organisation.TC_Organizations_01_Test" time="24.393" errors="0" timestamp="2024-11-28T00:16:37 IST" skipped="0">
  <testcase classname="com.crm.organisation.TC_Organizations_01_Test" name="createOrganization" time="24.393"/>
  <system-out>
    <![CDATA[Organization page created]]>
  </system-out>
</testsuite> <!-- com.crm.organisation.TC_Organizations_01_Test -->
